BattlEye for A2
D:E:\Arma2
D:E:\Arma2\Bohemia Interactive
D:E:\Arma2\Bohemia Interactive\BattlEye
F:E:\Arma2\Bohemia Interactive\BattlEye\BEClient.dll
F:E:\Arma2\Bohemia Interactive\BattlEye\BEServer.dll
F:E:\Arma2\Bohemia Interactive\BattlEye\UninstallBE.csv
F:E:\Arma2\Bohemia Interactive\BattlEye\UnInstallBE.exe
D:C:\Users
D:C:\Users\J0K3R5
D:C:\Users\J0K3R5\AppData
D:C:\Users\J0K3R5\AppData\Roaming
D:C:\Users\J0K3R5\AppData\Roaming\Microsoft
D:C:\Users\J0K3R5\AppData\Roaming\Microsoft\Windows
D:C:\Users\J0K3R5\AppData\Roaming\Microsoft\Windows\Start Menu
D:C:\Users\J0K3R5\AppData\Roaming\Microsoft\Windows\Start Menu\Programs
D:C:\Users\J0K3R5\AppData\Roaming\Microsoft\Windows\Start Menu\Programs\Bohemia Interactive
D:C:\Users\J0K3R5\AppData\Roaming\Microsoft\Windows\Start Menu\Programs\Bohemia Interactive\ArmA 2
D:C:\Users\J0K3R5\AppData\Roaming\Microsoft\Windows\Start Menu\Programs\Bohemia Interactive\ArmA 2\BattlEye
F:C:\Users\J0K3R5\AppData\Roaming\Microsoft\Windows\Start Menu\Programs\Bohemia Interactive\ArmA 2\BattlEye\Uninstall BattlEye.lnk
K:Software\Microsoft\Windows\CurrentVersion\Uninstall\BattlEye for A2
K:Software\Bohemia Interactive\ArmA 2\BattlEye
F:E:\Arma2\Bohemia Interactive\BattlEye\UnInstallBE.log
